<?xml version="1.0" encoding="UTF-8"?>
<testsuite xmlns:xsi="http://www.w3.org/2001/XMLSchema-instance" xsi:noNamespaceSchemaLocation="https://maven.apache.org/surefire/maven-surefire-plugin/xsd/surefire-test-report-3.0.xsd" version="3.0" name="com.fdm.banking.util.CategoryResolverTest" time="0.005" tests="5" errors="0" skipped="0" failures="0">
  <properties>
[...]
</properties>
  <testcase name="noMatch_returnsNull" classname="com.fdm.banking.util.CategoryResolverTest" time="0.0"/>
  <testcase name="matchesKeyword_returnsCategory" classname="com.fdm.banking.util.CategoryResolverTest" time="0.0"/>
  <testcase name="emptyString_returnsNull" classname="com.fdm.banking.util.CategoryResolverTest" time="0.0"/>
  <testcase name="caseInsensitiveMatch" classname="com.fdm.banking.util.CategoryResolverTest" time="0.001"/>
  <testcase name="null_returnsNull" classname="com.fdm.banking.util.CategoryResolverTest" time="0.0"/>
</testsuite>