<?xml version="1.0" encoding="UTF-8"?>
<testsuite xmlns:xsi="http://www.w3.org/2001/XMLSchema-instance" xsi:noNamespaceSchemaLocation="https://maven.apache.org/surefire/maven-surefire-plugin/xsd/surefire-test-report.xsd" version="3.0.2" name="com.bank.MonetaryOperationIntegrationTests" time="22.981" tests="5" errors="0" skipped="0" failures="0">
  <properties>
[...]
</properties>
  <testcase name="transfer_rejects_customer_who_does_not_own_source_account" classname="com.bank.MonetaryOperationIntegrationTests" time="0.789">
    <system-out><![CDATA[13:49:32.292 [main] INFO org.springframework.test.context.support.AnnotationConfigContextLoaderUtils -- Could not detect default configuration classes for test class [com.bank.MonetaryOperationIntegrationTests]: MonetaryOperationIntegrationTests does not declare any static, non-private, non-final, nested classes annotated with @Configuration.
13:49:32.405 [main] INFO org.springframework.boot.test.context.SpringBootTestContextBootstrapper -- Found @SpringBootConfiguration com.bank.BankingApplication for test class com.bank.MonetaryOperationIntegrationTests

  .   ____          _            __ _ _
 /\\ / ___'_ __ _ _(_)_ __  __ _ \ \ \ \
( ( )\___ | '_ | '_| | '_ \/ _` | \ \ \ \
 \\/  ___)| |_)| | | | | || (_| |  ) ) ) )
  '  |____| .__|_| |_|_| |_\__, | / / / /
 =========|_|==============|___/=/_/_/_/

 :: Spring Boot ::                (v3.5.6)

2026-04-08T13:49:32.985-04:00  INFO 26869 --- [           main] c.b.MonetaryOperationIntegrationTests    : Starting MonetaryOperationIntegrationTests using Java 26.0.2 with PID 26869 (started by kap in /home/kap/fdm_skills_lab/Sprint6/banking-platform/account-service/backend)
2026-04-08T13:49:32.987-04:00  INFO 26869 --- [           main] c.b.MonetaryOperationIntegrationTests    : No active profile set, falling back to 1 default profile: "default"
2026-04-08T13:49:35.909-04:00  INFO 26869 --- [           main] .s.d.r.c.RepositoryConfigurationDelegate : Bootstrapping Spring Data JPA repositories in DEFAULT mode.
2026-04-08T13:49:36.421-04:00  INFO 26869 --- [           main] .s.d.r.c.RepositoryConfigurationDelegate : Finished Spring Data repository scanning in 428 ms. Found 4 JPA repository interfaces.
2026-04-08T13:49:42.578-04:00  INFO 26869 --- [           main] com.zaxxer.hikari.HikariDataSource       : HikariPool-1 - Starting...
2026-04-08T13:49:44.140-04:00  INFO 26869 --- [           main] com.zaxxer.hikari.pool.HikariPool        : HikariPool-1 - Added connection conn0: url=jdbc:h2:mem:bankdb user=SA
2026-04-08T13:49:44.153-04:00  INFO 26869 --- [           main] com.zaxxer.hikari.HikariDataSource       : HikariPool-1 - Start completed.
2026-04-08T13:49:44.626-04:00  INFO 26869 --- [           main] org.flywaydb.core.FlywayExecutor         : Database: jdbc:h2:mem:bankdb (H2 2.3)
2026-04-08T13:49:44.967-04:00  INFO 26869 --- [           main] o.f.c.i.s.JdbcTableSchemaHistory         : Schema history table "PUBLIC"."flyway_schema_history" does not exist yet
2026-04-08T13:49:44.988-04:00  INFO 26869 --- [           main] o.f.core.internal.command.DbValidate     : Successfully validated 1 migration (execution time 00:00.137s)
2026-04-08T13:49:45.072-04:00  INFO 26869 --- [           main] o.f.c.i.s.JdbcTableSchemaHistory         : Creating Schema History table "PUBLIC"."flyway_schema_history" ...
2026-04-08T13:49:45.385-04:00  INFO 26869 --- [           main] o.f.core.internal.command.DbMigrate      : Current version of schema "PUBLIC": << Empty Schema >>
2026-04-08T13:49:45.489-04:00  INFO 26869 --- [           main] o.f.core.internal.command.DbMigrate      : Migrating schema "PUBLIC" to version "1 - init"
2026-04-08T13:49:45.659-04:00  INFO 26869 --- [           main] o.f.core.internal.command.DbMigrate      : Successfully applied 1 migration to schema "PUBLIC", now at version v1 (execution time 00:00.096s)
2026-04-08T13:49:46.460-04:00  INFO 26869 --- [           main] o.hibernate.jpa.internal.util.LogHelper  : HHH000204: Processing PersistenceUnitInfo [name: default]
2026-04-08T13:49:46.738-04:00  INFO 26869 --- [           main] org.hibernate.Version                    : HHH000412: Hibernate ORM core version 6.6.29.Final
2026-04-08T13:49:47.065-04:00  INFO 26869 --- [           main] o.h.c.internal.RegionFactoryInitiator    : HHH000026: Second-level cache disabled
2026-04-08T13:49:48.993-04:00  INFO 26869 --- [           main] o.s.o.j.p.SpringPersistenceUnitInfo      : No LoadTimeWeaver setup: ignoring JPA class transformer
2026-04-08T13:49:49.452-04:00  INFO 26869 --- [           main] org.hibernate.orm.connections.pooling    : HHH10001005: Database info:
	Database JDBC URL [Connecting through datasource 'HikariDataSource (HikariPool-1)']
	Database driver: undefined/unknown
	Database version: 2.3.232
	Autocommit mode: undefined/unknown
	Isolation level: undefined/unknown
	Minimum pool size: undefined/unknown
	Maximum pool size: undefined/unknown
2026-04-08T13:49:52.497-04:00  INFO 26869 --- [           main] o.h.e.t.j.p.i.JtaPlatformInitiator       : HHH000489: No JTA platform available (set 'hibernate.transaction.jta.platform' to enable JTA platform integration)
2026-04-08T13:49:52.522-04:00  INFO 26869 --- [           main] j.LocalContainerEntityManagerFactoryBean : Initialized JPA EntityManagerFactory for persistence unit 'default'
2026-04-08T13:49:53.070-04:00  WARN 26869 --- [           main] .s.s.UserDetailsServiceAutoConfiguration : 

Using generated security password: d57f4251-f79b-4b69-9f25-24c1a430bf20

This generated password is for development use only. Your security configuration must be updated before running your application in production.

2026-04-08T13:49:53.076-04:00  INFO 26869 --- [           main] r$InitializeUserDetailsManagerConfigurer : Global AuthenticationManager configured with UserDetailsService bean with name inMemoryUserDetailsManager
2026-04-08T13:49:53.613-04:00  INFO 26869 --- [           main] o.s.b.a.h2.H2ConsoleAutoConfiguration    : H2 console available at '/h2-console'. Database available at 'jdbc:h2:mem:bankdb'
2026-04-08T13:49:53.724-04:00  INFO 26869 --- [           main] o.s.b.t.m.w.SpringBootMockServletContext : Initializing Spring TestDispatcherServlet ''
2026-04-08T13:49:53.725-04:00  INFO 26869 --- [           main] o.s.t.web.servlet.TestDispatcherServlet  : Initializing Servlet ''
2026-04-08T13:49:53.726-04:00  INFO 26869 --- [           main] o.s.t.web.servlet.TestDispatcherServlet  : Completed initialization in 1 ms
2026-04-08T13:49:53.753-04:00  INFO 26869 --- [           main] c.b.MonetaryOperationIntegrationTests    : Started MonetaryOperationIntegrationTests in 21.195 seconds (process running for 22.073)
]]></system-out>
    <system-err><![CDATA[Mockito is currently self-attaching to enable the inline-mock-maker. This will no longer work in future releases of the JDK. Please add Mockito as an agent to your build as described in Mockito's documentation: https://javadoc.io/doc/org.mockito/mockito-core/latest/org.mockito/org/mockito/Mockito.html#0.3
WARNING: A Java agent has been loaded dynamically (/home/kap/.m2/repository/net/bytebuddy/byte-buddy-agent/1.17.7/byte-buddy-agent-1.17.7.jar)
WARNING: If a serviceability tool is in use, please run with -XX:+EnableDynamicAgentLoading to hide this warning
WARNING: If a serviceability tool is not in use, please run with -Djdk.instrument.traceUsage for more information
WARNING: Dynamic loading of agents will be disallowed by default in a future release
]]></system-err>
  </testcase>
  <testcase name="deposit_replays_original_success_for_same_caller" classname="com.bank.MonetaryOperationIntegrationTests" time="0.098"/>
  <testcase name="create_checking_account_initializes_next_check_number_automatically" classname="com.bank.MonetaryOperationIntegrationTests" time="0.349"/>
  <testcase name="withdraw_insufficient_funds_persists_failed_transaction_once" classname="com.bank.MonetaryOperationIntegrationTests" time="0.053"/>
  <testcase name="transfer_allows_customer_owned_source_and_replays_without_duplicate_mutation" classname="com.bank.MonetaryOperationIntegrationTests" time="0.083"/>
</testsuite>